0 info it worked if it ends with ok
1 verbose cli [ '/home/qmousset/.nvm/versions/node/v6.11.4/bin/node',
1 verbose cli   '/home/qmousset/.nvm/versions/node/v6.11.4/bin/npm',
1 verbose cli   'run',
1 verbose cli   'build' ]
2 info using npm@3.10.10
3 info using node@v6.11.4
4 verbose run-script [ 'prebuild', 'build', 'postbuild' ]
5 info lifecycle phaser-typescript-boilerplate@0.1.0~prebuild: phaser-typescript-boilerplate@0.1.0
6 silly lifecycle phaser-typescript-boilerplate@0.1.0~prebuild: no script for prebuild, continuing
7 info lifecycle phaser-typescript-boilerplate@0.1.0~build: phaser-typescript-boilerplate@0.1.0
8 verbose lifecycle phaser-typescript-boilerplate@0.1.0~build: unsafe-perm in lifecycle true
9 verbose lifecycle phaser-typescript-boilerplate@0.1.0~build: PATH: /home/qmousset/.nvm/versions/node/v6.11.4/lib/node_modules/npm/bin/node-gyp-bin:/home/qmousset/_REPO/git/qmousset/phaser/brick-breaker/node_modules/.bin:/home/qmousset/_REPO/git/qmousset/phaser/brick-breaker/node_modules/.bin:/home/qmousset/.config/yarn/link/node_modules/.bin:/home/qmousset/_REPO/git/qmousset/phaser/brick-breaker/node_modules/.bin:/home/qmousset/.config/yarn/link/node_modules/.bin:/home/qmousset/.yarn/bin:/home/qmousset/.nvm/versions/node/v6.11.4/lib/node_modules/npm/bin/node-gyp-bin:/home/qmousset/.nvm/versions/node/v6.11.4/bin/node_modules/npm/bin/node-gyp-bin:/bin:/sbin:/home/qmousset/bin:/home/qmousset/.local/bin:/home/qmousset/.nvm/versions/node/v6.11.4/bin:/bin:/sbin:/home/qmousset/bin:/home/qmousset/.local/bin:/usr/local/sbin:/usr/local/bin:/usr/sbin:/usr/bin:/sbin:/bin:/usr/games:/usr/local/games:/home/qmousset/Android/Sdk/tools:/home/qmousset/Android/Sdk/platform-tools:/home/qmousset/.gradle/wrapper:/home/qmousset:/home/qmousset/vendor/bin:/usr/java/jdk1.8.0_151/bin:/home/qmousset/.linuxbrew/bin:/home/qmousset/Android/Sdk:/home/qmousset/Android/Sdk/tools:/home/qmousset/Android/Sdk/platform-tools:/home/qmousset/.gradle/wrapper:/home/qmousset:/home/qmousset/vendor/bin:/usr/java/jdk1.8.0_151/bin:/home/qmousset/.linuxbrew/bin:/home/qmousset/Android/Sdk
10 verbose lifecycle phaser-typescript-boilerplate@0.1.0~build: CWD: /home/qmousset/_REPO/git/qmousset/phaser/brick-breaker
11 silly lifecycle phaser-typescript-boilerplate@0.1.0~build: Args: [ '-c', 'webpack' ]
12 silly lifecycle phaser-typescript-boilerplate@0.1.0~build: Returned: code: 1  signal: null
13 info lifecycle phaser-typescript-boilerplate@0.1.0~build: Failed to exec build script
14 verbose stack Error: phaser-typescript-boilerplate@0.1.0 build: `webpack`
14 verbose stack Exit status 1
14 verbose stack     at EventEmitter.<anonymous> (/home/qmousset/.nvm/versions/node/v6.11.4/lib/node_modules/npm/lib/utils/lifecycle.js:255:16)
14 verbose stack     at emitTwo (events.js:106:13)
14 verbose stack     at EventEmitter.emit (events.js:191:7)
14 verbose stack     at ChildProcess.<anonymous> (/home/qmousset/.nvm/versions/node/v6.11.4/lib/node_modules/npm/lib/utils/spawn.js:40:14)
14 verbose stack     at emitTwo (events.js:106:13)
14 verbose stack     at ChildProcess.emit (events.js:191:7)
14 verbose stack     at maybeClose (internal/child_process.js:920:16)
14 verbose stack     at Process.ChildProcess._handle.onexit (internal/child_process.js:230:5)
15 verbose pkgid phaser-typescript-boilerplate@0.1.0
16 verbose cwd /home/qmousset/_REPO/git/qmousset/phaser/brick-breaker
17 error Linux 4.8.0-53-generic
18 error argv "/home/qmousset/.nvm/versions/node/v6.11.4/bin/node" "/home/qmousset/.nvm/versions/node/v6.11.4/bin/npm" "run" "build"
19 error node v6.11.4
20 error npm  v3.10.10
21 error code ELIFECYCLE
22 error phaser-typescript-boilerplate@0.1.0 build: `webpack`
22 error Exit status 1
23 error Failed at the phaser-typescript-boilerplate@0.1.0 build script 'webpack'.
23 error Make sure you have the latest version of node.js and npm installed.
23 error If you do, this is most likely a problem with the phaser-typescript-boilerplate package,
23 error not with npm itself.
23 error Tell the author that this fails on your system:
23 error     webpack
23 error You can get information on how to open an issue for this project with:
23 error     npm bugs phaser-typescript-boilerplate
23 error Or if that isn't available, you can get their info via:
23 error     npm owner ls phaser-typescript-boilerplate
23 error There is likely additional logging output above.
24 verbose exit [ 1, true ]
